<?xml version="1.0" encoding="UTF-8"?>
<robot generator="Robot 4.1.3 (Python 3.7.5 on win32)" generated="20220202 15:59:19.730" rpa="true" schemaversion="2">
<suite id="s1" name="Tasks" source="c:\Users\ayoan\OneDrive\Documents\RoboCorp_Exercise\tasks.robot">
<test id="s1-t1" name="Order robots from RobotSpareBin Industries Inc">
<kw name="Input Form Dialog OR access vault">
<var>${url}</var>
<kw name="Get Secret" library="RPA.Robocorp.Vault">
<var>${secret}</var>
<arg>credentials</arg>
<doc>Read a secret from the configured source, e.g. Robocorp Vault,
and return it as a ``Secret`` object.</doc>
<msg timestamp="20220202 15:59:23.302" level="INFO">Protecting keyword: RPA.Robocorp.Vault.Get Secret</msg>
<msg timestamp="20220202 15:59:23.309" level="INFO">Log level changed from NONE to INFO.</msg>
<status status="FAIL" starttime="20220202 15:59:23.301" endtime="20220202 15:59:23.307"/>
</kw>
<kw name="Log" library="BuiltIn">
<arg>${secret}</arg>
<doc>Logs the given message with the given level.</doc>
<status status="NOT RUN" starttime="20220202 15:59:23.310" endtime="20220202 15:59:23.311"/>
</kw>
<status status="FAIL" starttime="20220202 15:59:23.298" endtime="20220202 15:59:23.313"/>
</kw>
<kw name="Open the robot order website">
<arg>${url}</arg>
<status status="NOT RUN" starttime="20220202 15:59:23.316" endtime="20220202 15:59:23.317"/>
</kw>
<kw name="Get orders">
<var>${orders}</var>
<status status="NOT RUN" starttime="20220202 15:59:23.319" endtime="20220202 15:59:23.319"/>
</kw>
<for flavor="IN">
<var>${row}</var>
<value>@{orders}</value>
<iter>
<var name="${row}">${row}</var>
<kw name="Close the annoying modal">
<status status="NOT RUN" starttime="20220202 15:59:23.323" endtime="20220202 15:59:23.323"/>
</kw>
<kw name="Fill the form">
<arg>${row}</arg>
<status status="NOT RUN" starttime="20220202 15:59:23.324" endtime="20220202 15:59:23.325"/>
</kw>
<kw name="Preview the robot">
<status status="NOT RUN" starttime="20220202 15:59:23.326" endtime="20220202 15:59:23.326"/>
</kw>
<kw name="Submit the order">
<status status="NOT RUN" starttime="20220202 15:59:23.327" endtime="20220202 15:59:23.328"/>
</kw>
<kw name="Store the receipt as a PDF file">
<var>${pdf}</var>
<arg>${row}[Order number]</arg>
<status status="NOT RUN" starttime="20220202 15:59:23.329" endtime="20220202 15:59:23.330"/>
</kw>
<kw name="Take a screenshot of the robot">
<var>${screenshot}</var>
<arg>${row}[Order number]</arg>
<status status="NOT RUN" starttime="20220202 15:59:23.330" endtime="20220202 15:59:23.331"/>
</kw>
<kw name="Embed the robot screenshot to the receipt PDF file">
<arg>${screenshot}</arg>
<arg>${pdf}</arg>
<status status="NOT RUN" starttime="20220202 15:59:23.332" endtime="20220202 15:59:23.333"/>
</kw>
<kw name="Go to order another robot">
<status status="NOT RUN" starttime="20220202 15:59:23.334" endtime="20220202 15:59:23.335"/>
</kw>
<status status="NOT RUN" starttime="20220202 15:59:23.322" endtime="20220202 15:59:23.335"/>
</iter>
<status status="NOT RUN" starttime="20220202 15:59:23.321" endtime="20220202 15:59:23.336"/>
</for>
<kw name="Create a ZIP file of the receipts">
<status status="NOT RUN" starttime="20220202 15:59:23.338" endtime="20220202 15:59:23.338"/>
</kw>
<status status="FAIL" starttime="20220202 15:59:23.293" endtime="20220202 15:59:23.340">KeyError: 'Missing required environment variable: RC_API_SECRET_HOST'</status>
</test>
<doc>Orders robots from RobotSpareBin Industries Inc.
Saves the order HTML receipt as a PDF file.
Saves the screenshot of the ordered robot.
Embeds the screenshot of the robot to the PDF receipt.
Creates ZIP archive of the receipts and the images.</doc>
<status status="FAIL" starttime="20220202 15:59:19.736" endtime="20220202 15:59:23.344"/>
</suite>
<statistics>
<total>
<stat pass="0" fail="1" skip="0">All Tasks</stat>
</total>
<tag>
</tag>
<suite>
<stat pass="0" fail="1" skip="0" id="s1" name="Tasks">Tasks</stat>
</suite>
</statistics>
<errors>
</errors>
</robot>
